TN:
SF:/Users/bogdanlukancuk/web3/homework/hw_4/lib/openzeppelin-contracts/contracts/access/Ownable.sol
DA:1,0
end_of_record

SF:/Users/bogdanlukancuk/web3/homework/hw_4/lib/openzeppelin-contracts/contracts/interfaces/draft-IERC6093.sol
end_of_record

SF:/Users/bogdanlukancuk/web3/homework/hw_4/lib/openzeppelin-contracts/contracts/token/ERC20/ERC20.sol
DA:45,32
DA:46,10
DA:47,7
DA:53,26
DA:54,73
DA:61,6
DA:62,7
DA:78,4
DA:79,1
DA:85,12
DA:86,27
DA:92,13
DA:93,13
DA:104,12
DA:106,5
DA:113,13
DA:114,28
DA:127,22
DA:129,6
DA:130,4
DA:149,14
DA:151,6
DA:152,7
DA:153,2
DA:166,1
DA:167,5
DA:168,0
DA:170,5
DA:171,9
DA:173,6
DA:183,10
DA:184,17
DA:186,30
DA:188,14
DA:189,7
DA:190,8
DA:194,19
DA:198,14
DA:201,8
DA:206,38
DA:210,36
DA:221,5
DA:222,10
DA:223,9
DA:225,13
DA:236,1
DA:237,5
DA:238,0
DA:240,6
DA:258,1
DA:259,7
DA:280,6
DA:281,5
DA:282,9
DA:284,5
DA:285,9
DA:287,28
DA:288,4
DA:289,18
DA:301,1
DA:302,9
DA:303,5
DA:304,7
DA:305,16
DA:308,9
end_of_record

SF:/Users/bogdanlukancuk/web3/homework/hw_4/lib/openzeppelin-contracts/contracts/token/ERC20/IERC20.sol
end_of_record

SF:/Users/bogdanlukancuk/web3/homework/hw_4/lib/openzeppelin-contracts/contracts/token/ERC20/extensions/ERC20Burnable.sol
DA:20,13
DA:21,5
DA:35,11
DA:36,6
DA:37,5
end_of_record

SF:/Users/bogdanlukancuk/web3/homework/hw_4/lib/openzeppelin-contracts/contracts/token/ERC20/extensions/IERC20Metadata.sol
end_of_record

SF:/Users/bogdanlukancuk/web3/homework/hw_4/lib/openzeppelin-contracts/contracts/utils/Context.sol
DA:18,8
end_of_record

SF:/Users/bogdanlukancuk/web3/homework/hw_4/lib/properties/contracts/ERC20/internal/properties/ERC20BasicProperties.sol
DA:13,5
DA:14,11
DA:15,0
DA:19,8
DA:20,21
DA:21,5
DA:28,5
DA:29,19
DA:30,4
DA:31,4
DA:32,20
DA:33,1
DA:34,2
DA:40,5
DA:41,20
DA:42,5
DA:43,1
DA:49,5
DA:50,8
DA:51,10
DA:53,6
DA:54,0
DA:58,11
DA:59,8
DA:60,9
DA:61,19
DA:62,13
DA:63,1
DA:64,1
DA:66,8
DA:67,0
DA:71,17
DA:72,8
DA:73,9
DA:74,19
DA:75,13
DA:76,1
DA:77,1
DA:79,17
DA:80,28
DA:81,21
DA:82,1
DA:83,5
DA:89,11
DA:90,8
DA:91,10
DA:93,75
DA:94,27
DA:95,20
DA:96,1
DA:97,5
DA:103,11
DA:104,8
DA:105,8
DA:106,9
DA:107,19
DA:109,9
DA:110,0
DA:111,0
DA:114,0
DA:115,0
DA:116,0
DA:119,0
DA:120,0
DA:121,0
DA:127,16
DA:128,8
DA:129,8
DA:130,10
DA:132,46
DA:133,0
DA:134,0
DA:137,0
DA:138,0
DA:139,0
DA:142,1
DA:143,0
DA:144,0
DA:150,11
DA:151,8
DA:152,8
DA:153,10
DA:155,9
DA:156,28
DA:157,21
DA:158,5
DA:159,1
DA:162,20
DA:163,5
DA:164,1
DA:170,11
DA:171,8
DA:172,8
DA:173,9
DA:174,19
DA:176,10
DA:177,28
DA:178,21
DA:179,5
DA:180,1
DA:183,20
DA:184,5
DA:185,1
DA:191,11
DA:192,11
DA:193,8
DA:194,8
DA:195,10
DA:196,15
DA:198,68
DA:199,27
DA:200,21
DA:201,5
DA:202,6
DA:205,20
DA:206,5
DA:207,6
DA:213,19
DA:214,11
DA:215,11
DA:216,8
DA:217,8
DA:218,9
DA:219,19
DA:220,15
DA:222,10
DA:223,27
DA:224,21
DA:225,5
DA:226,6
DA:229,21
DA:230,5
DA:231,6
DA:237,11
DA:238,68
DA:239,28
DA:240,1
DA:241,5
DA:248,14
DA:251,1
DA:252,68
DA:253,28
DA:254,21
DA:255,6
DA:256,1
DA:260,68
DA:261,28
DA:262,21
DA:263,6
DA:264,6
DA:270,14
DA:273,4
DA:274,21
DA:275,11
DA:276,8
DA:277,9
DA:278,19
DA:279,15
DA:281,61
DA:282,27
DA:285,4
DA:286,21
DA:287,6
DA:288,6
end_of_record

SF:/Users/bogdanlukancuk/web3/homework/hw_4/lib/properties/contracts/ERC20/internal/properties/ERC20BurnableProperties.sol
DA:12,8
DA:19,11
DA:20,8
DA:21,5
DA:22,10
DA:23,15
DA:25,41
DA:26,21
DA:27,5
DA:28,6
DA:31,20
DA:32,2
DA:33,6
DA:39,11
DA:40,8
DA:41,9
DA:42,19
DA:43,4
DA:44,15
DA:46,42
DA:47,21
DA:48,5
DA:49,6
DA:52,20
DA:53,2
DA:54,6
DA:60,11
DA:61,8
DA:62,9
DA:63,19
DA:64,15
DA:66,42
DA:69,4
DA:70,1
DA:71,6
DA:72,5
end_of_record

SF:/Users/bogdanlukancuk/web3/homework/hw_4/lib/properties/contracts/ERC20/internal/properties/ERC20MintableProperties.sol
DA:18,11
DA:19,8
DA:20,5
DA:22,49
DA:23,21
DA:24,5
DA:25,6
DA:28,20
DA:29,2
DA:30,6
end_of_record

SF:/Users/bogdanlukancuk/web3/homework/hw_4/lib/properties/contracts/ERC20/internal/util/ERC20TestBase.sol
end_of_record

SF:/Users/bogdanlukancuk/web3/homework/hw_4/lib/properties/contracts/util/PropertiesConstants.sol
DA:6,2
DA:7,2
DA:8,2
DA:9,3
end_of_record

SF:/Users/bogdanlukancuk/web3/homework/hw_4/lib/properties/contracts/util/PropertiesHelper.sol
DA:17,1
DA:18,3
DA:19,0
DA:20,0
DA:25,1
DA:26,5
DA:27,0
DA:28,0
DA:29,0
DA:31,0
DA:33,0
DA:35,0
DA:37,0
DA:169,1
DA:170,6
DA:171,0
DA:172,0
DA:173,0
DA:175,0
DA:177,0
DA:179,0
DA:181,0
DA:182,0
DA:448,0
DA:458,0
DA:464,0
DA:467,0
DA:470,0
DA:473,0
DA:476,0
DA:481,0
DA:483,0
DA:487,0
DA:490,0
DA:493,0
DA:497,0
DA:500,0
DA:503,0
end_of_record

SF:/Users/bogdanlukancuk/web3/homework/hw_4/src/MyToken.sol
DA:9,0
DA:10,0
DA:12,1
DA:13,5
end_of_record

SF:/Users/bogdanlukancuk/web3/homework/hw_4/test/MyTokenInternal.sol
DA:8,242
DA:14,7
DA:16,4
DA:17,4
DA:18,4
DA:20,2
DA:21,8
DA:24,14
DA:28,6
end_of_record

