TN:
SF:/Users/bogdanlukancuk/web3/homework/hw_4/lib/openzeppelin-contracts/contracts/access/Ownable.sol
DA:1,0
end_of_record

SF:/Users/bogdanlukancuk/web3/homework/hw_4/lib/openzeppelin-contracts/contracts/interfaces/draft-IERC6093.sol
end_of_record

SF:/Users/bogdanlukancuk/web3/homework/hw_4/lib/openzeppelin-contracts/contracts/token/ERC20/ERC20.sol
DA:45,34
DA:46,10
DA:47,8
DA:53,26
DA:54,73
DA:61,6
DA:62,7
DA:78,4
DA:79,1
DA:85,5
DA:86,4
DA:92,10
DA:93,13
DA:104,12
DA:106,5
DA:113,10
DA:114,53
DA:127,22
DA:129,6
DA:130,4
DA:149,14
DA:151,6
DA:152,7
DA:153,2
DA:166,1
DA:167,5
DA:168,0
DA:170,5
DA:171,9
DA:173,6
DA:183,10
DA:184,17
DA:186,30
DA:188,14
DA:189,7
DA:190,8
DA:194,19
DA:198,14
DA:201,8
DA:206,38
DA:210,36
DA:221,5
DA:222,10
DA:223,9
DA:225,13
DA:236,1
DA:237,5
DA:238,0
DA:240,6
DA:258,5
DA:259,8
DA:280,6
DA:281,5
DA:282,9
DA:284,5
DA:285,9
DA:287,28
DA:288,4
DA:289,18
DA:301,6
DA:302,1
DA:303,5
DA:304,7
DA:305,16
DA:308,10
end_of_record

SF:/Users/bogdanlukancuk/web3/homework/hw_4/lib/openzeppelin-contracts/contracts/token/ERC20/IERC20.sol
end_of_record

SF:/Users/bogdanlukancuk/web3/homework/hw_4/lib/openzeppelin-contracts/contracts/token/ERC20/extensions/ERC20Burnable.sol
DA:20,13
DA:21,5
DA:35,11
DA:36,6
DA:37,5
end_of_record

SF:/Users/bogdanlukancuk/web3/homework/hw_4/lib/openzeppelin-contracts/contracts/token/ERC20/extensions/IERC20Metadata.sol
end_of_record

SF:/Users/bogdanlukancuk/web3/homework/hw_4/lib/openzeppelin-contracts/contracts/utils/Context.sol
DA:18,8
end_of_record

SF:/Users/bogdanlukancuk/web3/homework/hw_4/lib/properties/contracts/ERC20/external/properties/ERC20ExternalBasicProperties.sol
DA:15,5
DA:16,75
DA:17,0
DA:18,0
DA:19,0
DA:25,8
DA:26,22
DA:27,58
DA:28,67
DA:34,7
DA:35,81
DA:36,59
DA:37,59
DA:38,59
DA:39,21
DA:40,1
DA:41,67
DA:47,5
DA:48,21
DA:49,60
DA:50,1
DA:56,8
DA:57,63
DA:58,10
DA:60,48
DA:61,1
DA:65,13
DA:67,4
DA:68,63
DA:69,72
DA:70,19
DA:71,14
DA:72,1
DA:73,1
DA:75,51
DA:76,1
DA:78,10
DA:80,1
DA:84,11
DA:85,63
DA:86,72
DA:87,19
DA:88,14
DA:89,1
DA:90,1
DA:92,73
DA:93,2
DA:95,10
DA:97,28
DA:98,21
DA:99,2
DA:100,60
DA:106,11
DA:107,63
DA:108,10
DA:110,83
DA:111,27
DA:112,21
DA:113,2
DA:114,60
DA:120,11
DA:123,63
DA:124,62
DA:125,72
DA:126,19
DA:128,56
DA:129,0
DA:130,0
DA:133,0
DA:134,0
DA:135,0
DA:138,0
DA:139,0
DA:140,0
DA:146,11
DA:147,63
DA:148,62
DA:149,10
DA:151,54
DA:152,0
DA:153,0
DA:156,0
DA:157,0
DA:158,0
DA:161,0
DA:162,0
DA:163,0
DA:169,11
DA:170,63
DA:171,62
DA:172,10
DA:174,79
DA:175,28
DA:176,22
DA:177,58
DA:178,1
DA:181,21
DA:182,57
DA:183,1
DA:189,11
DA:190,63
DA:191,62
DA:192,72
DA:193,19
DA:195,81
DA:196,28
DA:197,22
DA:198,58
DA:199,1
DA:202,21
DA:203,57
DA:204,1
DA:210,14
DA:213,4
DA:214,11
DA:215,63
DA:216,62
DA:217,10
DA:218,17
DA:220,79
DA:221,27
DA:222,22
DA:223,58
DA:224,6
DA:227,22
DA:228,57
DA:229,6
DA:235,14
DA:238,5
DA:239,11
DA:240,11
DA:241,63
DA:242,62
DA:243,72
DA:244,19
DA:245,17
DA:247,81
DA:248,27
DA:249,22
DA:250,58
DA:251,6
DA:254,22
DA:255,57
DA:256,6
DA:262,11
DA:266,79
DA:267,28
DA:268,2
DA:269,20
DA:276,14
DA:279,1
DA:280,79
DA:281,28
DA:282,22
DA:283,65
DA:284,1
DA:288,76
DA:289,28
DA:290,22
DA:291,65
DA:292,6
DA:298,11
DA:302,21
DA:303,11
DA:304,63
DA:305,72
DA:306,19
DA:307,17
DA:309,73
DA:310,27
DA:313,4
DA:314,2
DA:315,65
DA:316,5
end_of_record

SF:/Users/bogdanlukancuk/web3/homework/hw_4/lib/properties/contracts/ERC20/external/properties/ERC20ExternalBurnableProperties.sol
DA:15,11
DA:16,63
DA:17,70
DA:18,10
DA:19,15
DA:21,39
DA:22,22
DA:23,60
DA:24,6
DA:27,21
DA:28,64
DA:29,6
DA:35,11
DA:36,63
DA:37,72
DA:38,19
DA:39,69
DA:40,17
DA:42,45
DA:43,22
DA:44,60
DA:45,6
DA:48,21
DA:49,64
DA:50,6
DA:56,16
DA:57,63
DA:58,72
DA:59,19
DA:60,17
DA:62,49
DA:65,4
DA:66,22
DA:67,65
DA:68,6
end_of_record

SF:/Users/bogdanlukancuk/web3/homework/hw_4/lib/properties/contracts/ERC20/external/properties/ERC20ExternalMintableProperties.sol
DA:15,11
DA:19,62
DA:20,70
DA:22,55
DA:23,22
DA:24,59
DA:25,6
DA:28,21
DA:29,64
DA:30,6
end_of_record

SF:/Users/bogdanlukancuk/web3/homework/hw_4/lib/properties/contracts/ERC20/external/util/ERC20ExternalTestBase.sol
end_of_record

SF:/Users/bogdanlukancuk/web3/homework/hw_4/lib/properties/contracts/ERC20/external/util/ITokenMock.sol
end_of_record

SF:/Users/bogdanlukancuk/web3/homework/hw_4/lib/properties/contracts/util/IERC20.sol
end_of_record

SF:/Users/bogdanlukancuk/web3/homework/hw_4/lib/properties/contracts/util/PropertiesConstants.sol
DA:6,1
DA:7,1
DA:8,1
DA:9,4
end_of_record

SF:/Users/bogdanlukancuk/web3/homework/hw_4/lib/properties/contracts/util/PropertiesHelper.sol
DA:17,1
DA:18,3
DA:19,0
DA:20,0
DA:25,1
DA:26,5
DA:27,0
DA:28,0
DA:29,0
DA:31,0
DA:33,0
DA:35,0
DA:37,0
DA:169,1
DA:170,6
DA:171,0
DA:172,0
DA:173,0
DA:175,0
DA:177,0
DA:179,0
DA:181,0
DA:182,0
DA:448,0
DA:458,0
DA:464,0
DA:467,0
DA:470,0
DA:473,0
DA:476,0
DA:481,0
DA:483,0
DA:487,0
DA:490,0
DA:493,0
DA:497,0
DA:500,0
DA:503,0
end_of_record

SF:/Users/bogdanlukancuk/web3/homework/hw_4/src/MyToken.sol
DA:9,0
DA:10,0
DA:12,16
DA:13,6
end_of_record

SF:/Users/bogdanlukancuk/web3/homework/hw_4/test/MyTokenExternal.sol
DA:12,167
DA:17,7
DA:18,37
DA:21,123
DA:22,9
DA:23,6
DA:25,27
DA:26,8
DA:27,4
DA:28,4
DA:29,5
DA:31,2
DA:32,8
end_of_record

